<?xml version="1.0" encoding="UTF-8"?>
<!-- Generated by org.testng.reporters.JUnitReportReporter -->
<testsuite hostname="EKBANA16" name="ekbana.LoginCase" tests="3" failures="0" timestamp="25 Jan 2017 09:47:59 GMT" time="4.964" errors="0">
  <testcase name="loginUsingBlankUser" time="1.155" classname="ekbana.LoginCase"/>
  <testcase name="loginUsingInvalidUser" time="2.518" classname="ekbana.LoginCase"/>
  <testcase name="loginUsingValidUser" time="1.291" classname="ekbana.LoginCase"/>
</testsuite> <!-- ekbana.LoginCase -->
