<?xml version="1.0" encoding="UTF-8"?>
<!-- Generated by org.testng.reporters.JUnitReportReporter -->
<testsuite hostname="EKBANA16" name="ekbana.LoginCase" tests="1" failures="0" timestamp="8 Feb 2017 03:33:21 GMT" time="1.868" errors="0">
  <testcase name="loginUsingValidUser" time="1.868" classname="ekbana.LoginCase"/>
</testsuite> <!-- ekbana.LoginCase -->
