<?xml version="1.0" encoding="UTF-8"?>
<!-- Generated by org.testng.reporters.JUnitReportReporter -->
<testsuite hostname="EKBANA16" name="ekbana.LoginCase" tests="2" failures="0" timestamp="25 Jan 2017 08:03:59 GMT" time="3.164" errors="0">
  <testcase name="loginUsingInvalidUser" time="2.067" classname="ekbana.LoginCase"/>
  <testcase name="loginUsingValidUser" time="1.097" classname="ekbana.LoginCase"/>
</testsuite> <!-- ekbana.LoginCase -->
