<?xml version="1.0" encoding="UTF-8"?>
<!-- Generated by org.testng.reporters.JUnitReportReporter -->
<testsuite hostname="EKBANA16" name="ekbana.LoginCase" tests="3" failures="0" timestamp="26 Jan 2017 11:06:21 GMT" time="2.471" errors="0">
  <testcase name="loginUsingBlankUser" time="0.728" classname="ekbana.LoginCase"/>
  <testcase name="loginUsingInvalidUser" time="1.088" classname="ekbana.LoginCase"/>
  <testcase name="loginUsingValidUser" time="0.655" classname="ekbana.LoginCase"/>
</testsuite> <!-- ekbana.LoginCase -->
